<?xml version="1.0" encoding="UTF-8"?>
<testng-results skipped="0" failed="0" ignored="0" total="1" passed="1">
  <reporter-output>
  </reporter-output>
  <suite name="Default suite" duration-ms="21165" started-at="2021-03-15T04:26:05Z" finished-at="2021-03-15T04:26:26Z">
    <groups>
    </groups>
    <test name="Default test" duration-ms="21165" started-at="2021-03-15T04:26:05Z" finished-at="2021-03-15T04:26:26Z">
      <class name="com.test.testLayers.LoginTest">
        <test-method status="PASS" signature="setUp()[pri:0, instance:com.test.testLayers.LoginTest@5d740a0f]" name="setUp" is-config="true" duration-ms="11920" started-at="2021-03-15T04:26:05Z" finished-at="2021-03-15T04:26:16Z">
          <reporter-output>
          </reporter-output>
        </test-method> <!-- setUp -->
        <test-method status="PASS" signature="loginTest()[pri:0, instance:com.test.testLayers.LoginTest@5d740a0f]" name="loginTest" duration-ms="7572" started-at="2021-03-15T04:26:16Z" finished-at="2021-03-15T04:26:24Z">
          <reporter-output>
          </reporter-output>
        </test-method> <!-- loginTest -->
        <test-method status="PASS" signature="tearDown()[pri:0, instance:com.test.testLayers.LoginTest@5d740a0f]" name="tearDown" is-config="true" duration-ms="1643" started-at="2021-03-15T04:26:24Z" finished-at="2021-03-15T04:26:26Z">
          <reporter-output>
          </reporter-output>
        </test-method> <!-- tearDown -->
      </class> <!-- com.test.testLayers.LoginTest -->
    </test> <!-- Default test -->
  </suite> <!-- Default suite -->
</testng-results>
