<?xml version="1.0" encoding="UTF-8"?>
<testng-results skipped="0" failed="0" ignored="0" total="1" passed="1">
  <reporter-output>
  </reporter-output>
  <suite name="Default suite" duration-ms="18866" started-at="2021-03-15T04:08:12Z" finished-at="2021-03-15T04:08:30Z">
    <groups>
    </groups>
    <test name="Default test" duration-ms="18866" started-at="2021-03-15T04:08:12Z" finished-at="2021-03-15T04:08:30Z">
      <class name="com.test.testLayers.LoginTest">
        <test-method status="PASS" signature="setUp()[pri:0, instance:com.test.testLayers.LoginTest@5d740a0f]" name="setUp" is-config="true" duration-ms="13027" started-at="2021-03-15T04:08:12Z" finished-at="2021-03-15T04:08:25Z">
          <reporter-output>
          </reporter-output>
        </test-method> <!-- setUp -->
        <test-method status="PASS" signature="loginTest()[pri:0, instance:com.test.testLayers.LoginTest@5d740a0f]" name="loginTest" duration-ms="2331" started-at="2021-03-15T04:08:25Z" finished-at="2021-03-15T04:08:27Z">
          <reporter-output>
          </reporter-output>
        </test-method> <!-- loginTest -->
        <test-method status="PASS" signature="tearDown()[pri:0, instance:com.test.testLayers.LoginTest@5d740a0f]" name="tearDown" is-config="true" duration-ms="3481" started-at="2021-03-15T04:08:27Z" finished-at="2021-03-15T04:08:30Z">
          <reporter-output>
          </reporter-output>
        </test-method> <!-- tearDown -->
      </class> <!-- com.test.testLayers.LoginTest -->
    </test> <!-- Default test -->
  </suite> <!-- Default suite -->
</testng-results>
